<?xml version="1.0" encoding="UTF-8"?>
<testsuites name="1 Positive Test Suite Case" time="300.422" tests="5" failures="0" errors="0">
   <testsuite name="1 Positive Test Suite Case" tests="5" failures="0" errors="0" time="300.422" skipped="0" timestamp="13-02-2024T10:33:45" hostname="ACER - LAPTOP-DI70DTOM" id="Test Suites/1 Positive Test Suite Case">
      <properties>
         <property name="deviceName" value="emulator-5554 (Android SDK built for x86 - Android 8.1.0)"/>
         <property name="devicePlatform" value=""/>
         <property name="logFolder" value="C:\\Users\\ACER\\git\\Assigment-3-QA-MOBILE\\Reports\\20240213_103341\\1 Positive Test Suite Case\\20240213_103341"/>
         <property name="logFiles" value="C:\\Users\\ACER\\git\\Assigment-3-QA-MOBILE\\Reports\\20240213_103341\\1 Positive Test Suite Case\\20240213_103341\\appium.log, C:\\Users\\ACER\\git\\Assigment-3-QA-MOBILE\\Reports\\20240213_103341\\1 Positive Test Suite Case\\20240213_103341\\appium_error.log, C:\\Users\\ACER\\git\\Assigment-3-QA-MOBILE\\Reports\\20240213_103341\\1 Positive Test Suite Case\\20240213_103341\\execution0.log"/>
         <property name="attachments" value="C:\\Users\\ACER\\git\\Assigment-3-QA-MOBILE\\Reports\\20240213_103341\\1 Positive Test Suite Case\\20240213_103341\\1707791816901.png, C:\\Users\\ACER\\git\\Assigment-3-QA-MOBILE\\Reports\\20240213_103341\\1 Positive Test Suite Case\\20240213_103341\\1707791842119.png"/>
         <property name="hostName" value="ACER - LAPTOP-DI70DTOM"/>
         <property name="os" value="Windows 11 64bit"/>
         <property name="appiumServerStatus" value="{&quot;value&quot;:{&quot;ready&quot;:true,&quot;message&quot;:&quot;The server is ready to accept new connections&quot;,&quot;build&quot;:{&quot;version&quot;:&quot;2.5.0&quot;}}}"/>
         <property name="katalonVersion" value="9.3.0.212"/>
         <property name="deviceOS" value="Android"/>
         <property name="appiumVersion" value="2.5.0"/>
         <property name="deviceModel" value="Android SDK built for x86"/>
         <property name="hostAddress" value="172.16.213.178"/>
         <property name="deviceManufacturer" value="Google"/>
         <property name="deviceId" value="emulator-5554"/>
         <property name="deviceName" value="emulator-5554 (Android SDK built for x86 - Android 8.1.0)"/>
         <property name="deviceOSVersion" value="8.1.0"/>
      </properties>
      <testcase name="Test Cases/1 Test Case Checkout" time="70.994" classname="Test Cases/1 Test Case Checkout" status="PASSED">
         <system-out><![CDATA[13-02-2024T10:33:46 - [TEST_CASE][PASSED] - Test Cases/1 Test Case Checkout: Test Cases/1 Test Case Checkout

13-02-2024T10:33:46 - [TEST_STEP][PASSED] - startApplication("C:\Users\ACER\Downloads\android\Android-Solodroid_E-CommerceApp Demo_3.2.0.apk\Solodroid_E-CommerceApp Demo_3.2.0.apk", true): Started app at: 'C:\Users\ACER\Downloads\android\Android-Solodroid_E-CommerceApp Demo_3.2.0.apk\Solodroid_E-CommerceApp Demo_3.2.0.apk'

13-02-2024T10:33:47 - [MESSAGE][INFO] - Detected NodeJS location: "C:\Program Files\nodejs\node.exe"

13-02-2024T10:33:58 - [MESSAGE][INFO] - PATH: C:\Program Files\nodejs;

13-02-2024T10:33:58 - [MESSAGE][INFO] - APPIUM_HOME: C:\Users\ACER\.appium

13-02-2024T10:33:58 - [MESSAGE][INFO] - appium outlog: C:\Users\ACER\git\Assigment-3-QA-MOBILE\Reports\20240213_103341\1 Positive Test Suite Case\20240213_103341\appium.log

13-02-2024T10:33:58 - [MESSAGE][INFO] - appium errlog: C:\Users\ACER\git\Assigment-3-QA-MOBILE\Reports\20240213_103341\1 Positive Test Suite Case\20240213_103341\appium_error.log

13-02-2024T10:34:01 - [MESSAGE][INFO] - Appium server started on port 22,626

13-02-2024T10:34:17 - [MESSAGE][PASSED] - Started app at: 'C:\Users\ACER\Downloads\android\Android-Solodroid_E-CommerceApp Demo_3.2.0.apk\Solodroid_E-CommerceApp Demo_3.2.0.apk'

13-02-2024T10:34:17 - [TEST_STEP][PASSED] - tap(findTestObject("Object Repository/1 Checkout Feature/android.widget.TextView"), 0): Tapped on element 'Object Repository/1 Checkout Feature/android.widget.TextView'

13-02-2024T10:34:17 - [MESSAGE][WARNING] - Timeout '0' is invalid. Using default page load timeout: '30'

13-02-2024T10:34:20 - [MESSAGE][PASSED] - Tapped on element 'Object Repository/1 Checkout Feature/android.widget.TextView'

13-02-2024T10:34:20 - [TEST_STEP][PASSED] - setText(findTestObject("Object Repository/1 Checkout Feature/android.widget.EditText - Search"), "samsung", 0): Text 'samsung' has been set to element 'Object Repository/1 Checkout Feature/android.widget.EditText - Search'

13-02-2024T10:34:20 - [MESSAGE][WARNING] - Timeout '0' is invalid. Using default page load timeout: '30'

13-02-2024T10:34:24 - [MESSAGE][PASSED] - Text 'samsung' has been set to element 'Object Repository/1 Checkout Feature/android.widget.EditText - Search'

13-02-2024T10:34:24 - [TEST_STEP][PASSED] - hideKeyboard(): Keyboard is hidden

13-02-2024T10:34:25 - [MESSAGE][PASSED] - Keyboard is hidden

13-02-2024T10:34:25 - [TEST_STEP][PASSED] - tap(findTestObject("Object Repository/1 Checkout Feature/android.widget.ImageView"), 0): Tapped on element 'Object Repository/1 Checkout Feature/android.widget.ImageView'

13-02-2024T10:34:25 - [MESSAGE][WARNING] - Timeout '0' is invalid. Using default page load timeout: '30'

13-02-2024T10:34:27 - [MESSAGE][PASSED] - Tapped on element 'Object Repository/1 Checkout Feature/android.widget.ImageView'

13-02-2024T10:34:27 - [TEST_STEP][PASSED] - tap(findTestObject("Object Repository/1 Checkout Feature/android.widget.Button - ADD TO CART"), 0): Tapped on element 'Object Repository/1 Checkout Feature/android.widget.Button - ADD TO CART'

13-02-2024T10:34:27 - [MESSAGE][WARNING] - Timeout '0' is invalid. Using default page load timeout: '30'

13-02-2024T10:34:30 - [MESSAGE][PASSED] - Tapped on element 'Object Repository/1 Checkout Feature/android.widget.Button - ADD TO CART'

13-02-2024T10:34:30 - [TEST_STEP][PASSED] - setText(findTestObject("Object Repository/1 Checkout Feature/android.widget.EditText"), "1", 0): Text '1' has been set to element 'Object Repository/1 Checkout Feature/android.widget.EditText'

13-02-2024T10:34:30 - [MESSAGE][WARNING] - Timeout '0' is invalid. Using default page load timeout: '30'

13-02-2024T10:34:33 - [MESSAGE][PASSED] - Text '1' has been set to element 'Object Repository/1 Checkout Feature/android.widget.EditText'

13-02-2024T10:34:33 - [TEST_STEP][PASSED] - tap(findTestObject("Object Repository/1 Checkout Feature/android.widget.Button - ADD"), 0): Tapped on element 'Object Repository/1 Checkout Feature/android.widget.Button - ADD'

13-02-2024T10:34:33 - [MESSAGE][WARNING] - Timeout '0' is invalid. Using default page load timeout: '30'

13-02-2024T10:34:34 - [MESSAGE][PASSED] - Tapped on element 'Object Repository/1 Checkout Feature/android.widget.Button - ADD'

13-02-2024T10:34:34 - [TEST_STEP][PASSED] - tap(findTestObject("Object Repository/1 Checkout Feature/android.widget.TextView (1)"), 0): Tapped on element 'Object Repository/1 Checkout Feature/android.widget.TextView (1)'

13-02-2024T10:34:34 - [MESSAGE][WARNING] - Timeout '0' is invalid. Using default page load timeout: '30'

13-02-2024T10:34:35 - [MESSAGE][PASSED] - Tapped on element 'Object Repository/1 Checkout Feature/android.widget.TextView (1)'

13-02-2024T10:34:35 - [TEST_STEP][PASSED] - tap(findTestObject("Object Repository/1 Checkout Feature/android.widget.Button - CHECKOUT"), 0): Tapped on element 'Object Repository/1 Checkout Feature/android.widget.Button - CHECKOUT'

13-02-2024T10:34:35 - [MESSAGE][WARNING] - Timeout '0' is invalid. Using default page load timeout: '30'

13-02-2024T10:34:36 - [MESSAGE][PASSED] - Tapped on element 'Object Repository/1 Checkout Feature/android.widget.Button - CHECKOUT'

13-02-2024T10:34:36 - [TEST_STEP][PASSED] - setText(findTestObject("Object Repository/1 Checkout Feature/android.widget.EditText - Your Name"), "yudha", 0): Text 'yudha' has been set to element 'Object Repository/1 Checkout Feature/android.widget.EditText - Your Name'

13-02-2024T10:34:36 - [MESSAGE][WARNING] - Timeout '0' is invalid. Using default page load timeout: '30'

13-02-2024T10:34:40 - [MESSAGE][PASSED] - Text 'yudha' has been set to element 'Object Repository/1 Checkout Feature/android.widget.EditText - Your Name'

13-02-2024T10:34:40 - [TEST_STEP][PASSED] - setText(findTestObject("Object Repository/1 Checkout Feature/android.widget.EditText - your.emailgmail.com"), "yudha@gmail.com", 0): Text 'yudha@gmail.com' has been set to element 'Object Repository/1 Checkout Feature/android.widget.EditText - your.emailgmail.com'

13-02-2024T10:34:40 - [MESSAGE][WARNING] - Timeout '0' is invalid. Using default page load timeout: '30'

13-02-2024T10:34:43 - [MESSAGE][PASSED] - Text 'yudha@gmail.com' has been set to element 'Object Repository/1 Checkout Feature/android.widget.EditText - your.emailgmail.com'

13-02-2024T10:34:43 - [TEST_STEP][PASSED] - setText(findTestObject("Object Repository/1 Checkout Feature/android.widget.EditText - 628123456789"), "+6281353081122", 0): Text '+6281353081122' has been set to element 'Object Repository/1 Checkout Feature/android.widget.EditText - 628123456789'

13-02-2024T10:34:43 - [MESSAGE][WARNING] - Timeout '0' is invalid. Using default page load timeout: '30'

13-02-2024T10:34:45 - [MESSAGE][PASSED] - Text '+6281353081122' has been set to element 'Object Repository/1 Checkout Feature/android.widget.EditText - 628123456789'

13-02-2024T10:34:45 - [TEST_STEP][PASSED] - setText(findTestObject("Object Repository/1 Checkout Feature/android.widget.EditText - Your Address"), "Jalan Medan Merdeka No 5 Jakarta", 0): Text 'Jalan Medan Merdeka No 5 Jakarta' has been set to element 'Object Repository/1 Checkout Feature/android.widget.EditText - Your Address'

13-02-2024T10:34:45 - [MESSAGE][WARNING] - Timeout '0' is invalid. Using default page load timeout: '30'

13-02-2024T10:34:47 - [MESSAGE][PASSED] - Text 'Jalan Medan Merdeka No 5 Jakarta' has been set to element 'Object Repository/1 Checkout Feature/android.widget.EditText - Your Address'

13-02-2024T10:34:47 - [TEST_STEP][PASSED] - hideKeyboard(): Keyboard is hidden

13-02-2024T10:34:48 - [MESSAGE][PASSED] - Keyboard is hidden

13-02-2024T10:34:48 - [TEST_STEP][PASSED] - setText(findTestObject("Object Repository/1 Checkout Feature/android.widget.EditText - Comment"), "nice product", 0): Text 'nice product' has been set to element 'Object Repository/1 Checkout Feature/android.widget.EditText - Comment'

13-02-2024T10:34:48 - [MESSAGE][WARNING] - Timeout '0' is invalid. Using default page load timeout: '30'

13-02-2024T10:34:51 - [MESSAGE][PASSED] - Text 'nice product' has been set to element 'Object Repository/1 Checkout Feature/android.widget.EditText - Comment'

13-02-2024T10:34:51 - [TEST_STEP][PASSED] - hideKeyboard(): Keyboard is hidden

13-02-2024T10:34:52 - [MESSAGE][PASSED] - Keyboard is hidden

13-02-2024T10:34:52 - [TEST_STEP][PASSED] - closeApplication(): Close app successfully

13-02-2024T10:34:53 - [MESSAGE][INFO] - Cannot close application! An unknown server-side error occurred while processing the command. Original error: 'com.solodroid.solomerce' is still running after 500ms timeout
Build info: version: '3.141.59', revision: 'e82be7d358', time: '2018-11-14T08:25:53'
System info: host: 'LAPTOP-DI70DTOM', ip: '172.16.213.178', os.name: 'Windows 11', os.arch: 'amd64', os.version: '10.0', java.version: '17.0.7'
Driver info: com.kms.katalon.core.appium.driver.SwipeableAndroidDriver
Capabilities {app: C:\Users\ACER\Downloads\and..., appPackage: com.solodroid.solomerce, autoGrantPermissions: true, automationName: uiautomator2, databaseEnabled: false, desired: {app: C:\Users\ACER\Downloads\and..., autoGrantPermissions: true, automationName: uiautomator2, deviceName: emulator-5554 (Android SDK ..., fullReset: true, newCommandTimeout: 1800, noReset: false, platformName: android, platformVersion: 8.1.0, systemPort: 22625, udid: emulator-5554}, deviceApiLevel: 27, deviceManufacturer: Google, deviceModel: Android SDK built for x86, deviceName: emulator-5554, deviceScreenDensity: 420, deviceScreenSize: 1080x2400, deviceUDID: emulator-5554, fullReset: true, javascriptEnabled: true, locationContextEnabled: false, networkConnectionEnabled: true, newCommandTimeout: 1800, noReset: false, pixelRatio: 2.625, platform: LINUX, platformName: Android, platformVersion: 8.1.0, statBarHeight: 63, systemPort: 22625, takesScreenshot: true, udid: emulator-5554, viewportRect: {height: 2337, left: 0, top: 63, width: 1080}, warnings: {}, webStorageEnabled: false}
Session ID: 2a245861-f6c9-43ed-bb16-2da9a6726e99

13-02-2024T10:34:55 - [MESSAGE][PASSED] - Close app successfully

13-02-2024T10:34:57 - [TEST_STEP][PASSED] - Video: Video recording for test case 'Test Cases/1 Test Case Checkout' .

13-02-2024T10:34:57 - [MESSAGE][INFO] - Video recording for test case 'Test Cases/1 Test Case Checkout' .]]></system-out>
         <system-err><![CDATA[]]></system-err>
      </testcase>
      <testcase name="Test Cases/2 Test Case Search Item" time="44.29" classname="Test Cases/2 Test Case Search Item" status="PASSED">
         <system-out><![CDATA[13-02-2024T10:34:57 - [TEST_CASE][PASSED] - Test Cases/2 Test Case Search Item: Test Cases/2 Test Case Search Item

13-02-2024T10:34:57 - [TEST_STEP][PASSED] - startApplication("C:\Users\ACER\Downloads\android\Android-Solodroid_E-CommerceApp Demo_3.2.0.apk\Solodroid_E-CommerceApp Demo_3.2.0.apk", true): Started app at: 'C:\Users\ACER\Downloads\android\Android-Solodroid_E-CommerceApp Demo_3.2.0.apk\Solodroid_E-CommerceApp Demo_3.2.0.apk'

13-02-2024T10:34:57 - [MESSAGE][INFO] - Detected NodeJS location: "C:\Program Files\nodejs\node.exe"

13-02-2024T10:35:08 - [MESSAGE][INFO] - PATH: C:\Program Files\nodejs;

13-02-2024T10:35:08 - [MESSAGE][INFO] - APPIUM_HOME: C:\Users\ACER\.appium

13-02-2024T10:35:08 - [MESSAGE][INFO] - appium outlog: C:\Users\ACER\git\Assigment-3-QA-MOBILE\Reports\20240213_103341\1 Positive Test Suite Case\20240213_103341\appium.log

13-02-2024T10:35:08 - [MESSAGE][INFO] - appium errlog: C:\Users\ACER\git\Assigment-3-QA-MOBILE\Reports\20240213_103341\1 Positive Test Suite Case\20240213_103341\appium_error.log

13-02-2024T10:35:11 - [MESSAGE][INFO] - Appium server started on port 22,938

13-02-2024T10:35:20 - [MESSAGE][PASSED] - Started app at: 'C:\Users\ACER\Downloads\android\Android-Solodroid_E-CommerceApp Demo_3.2.0.apk\Solodroid_E-CommerceApp Demo_3.2.0.apk'

13-02-2024T10:35:20 - [TEST_STEP][PASSED] - tap(findTestObject("Object Repository/1 Checkout Feature/android.widget.TextView"), 0): Tapped on element 'Object Repository/1 Checkout Feature/android.widget.TextView'

13-02-2024T10:35:20 - [MESSAGE][WARNING] - Timeout '0' is invalid. Using default page load timeout: '30'

13-02-2024T10:35:25 - [MESSAGE][PASSED] - Tapped on element 'Object Repository/1 Checkout Feature/android.widget.TextView'

13-02-2024T10:35:25 - [TEST_STEP][PASSED] - setText(findTestObject("Object Repository/1 Checkout Feature/android.widget.EditText - Search"), "samsung", 0): Text 'samsung' has been set to element 'Object Repository/1 Checkout Feature/android.widget.EditText - Search'

13-02-2024T10:35:25 - [MESSAGE][WARNING] - Timeout '0' is invalid. Using default page load timeout: '30'

13-02-2024T10:35:28 - [MESSAGE][PASSED] - Text 'samsung' has been set to element 'Object Repository/1 Checkout Feature/android.widget.EditText - Search'

13-02-2024T10:35:28 - [TEST_STEP][PASSED] - hideKeyboard(): Keyboard is hidden

13-02-2024T10:35:29 - [MESSAGE][PASSED] - Keyboard is hidden

13-02-2024T10:35:29 - [TEST_STEP][PASSED] - tap(findTestObject("Object Repository/1 Checkout Feature/android.widget.ImageView"), 0): Tapped on element 'Object Repository/1 Checkout Feature/android.widget.ImageView'

13-02-2024T10:35:29 - [MESSAGE][WARNING] - Timeout '0' is invalid. Using default page load timeout: '30'

13-02-2024T10:35:32 - [MESSAGE][PASSED] - Tapped on element 'Object Repository/1 Checkout Feature/android.widget.ImageView'

13-02-2024T10:35:32 - [TEST_STEP][PASSED] - delay(5): Delayed 5 second(s)

13-02-2024T10:35:37 - [MESSAGE][PASSED] - Delayed 5 second(s)

13-02-2024T10:35:37 - [TEST_STEP][PASSED] - closeApplication(): Close app successfully

13-02-2024T10:35:38 - [MESSAGE][INFO] - Cannot close application! An unknown server-side error occurred while processing the command. Original error: 'com.solodroid.solomerce' is still running after 500ms timeout
Build info: version: '3.141.59', revision: 'e82be7d358', time: '2018-11-14T08:25:53'
System info: host: 'LAPTOP-DI70DTOM', ip: '172.16.213.178', os.name: 'Windows 11', os.arch: 'amd64', os.version: '10.0', java.version: '17.0.7'
Driver info: com.kms.katalon.core.appium.driver.SwipeableAndroidDriver
Capabilities {app: C:\Users\ACER\Downloads\and..., appPackage: com.solodroid.solomerce, autoGrantPermissions: true, automationName: uiautomator2, databaseEnabled: false, desired: {app: C:\Users\ACER\Downloads\and..., autoGrantPermissions: true, automationName: uiautomator2, deviceName: emulator-5554 (Android SDK ..., fullReset: true, newCommandTimeout: 1800, noReset: false, platformName: android, platformVersion: 8.1.0, systemPort: 22937, udid: emulator-5554}, deviceApiLevel: 27, deviceManufacturer: Google, deviceModel: Android SDK built for x86, deviceName: emulator-5554, deviceScreenDensity: 420, deviceScreenSize: 1080x2400, deviceUDID: emulator-5554, fullReset: true, javascriptEnabled: true, locationContextEnabled: false, networkConnectionEnabled: true, newCommandTimeout: 1800, noReset: false, pixelRatio: 2.625, platform: LINUX, platformName: Android, platformVersion: 8.1.0, statBarHeight: 63, systemPort: 22937, takesScreenshot: true, udid: emulator-5554, viewportRect: {height: 2337, left: 0, top: 63, width: 1080}, warnings: {}, webStorageEnabled: false}
Session ID: db22c561-4163-4383-a201-000cd0cc356f

13-02-2024T10:35:39 - [MESSAGE][PASSED] - Close app successfully

13-02-2024T10:35:41 - [TEST_STEP][PASSED] - Video: Video recording for test case 'Test Cases/2 Test Case Search Item' .

13-02-2024T10:35:41 - [MESSAGE][INFO] - Video recording for test case 'Test Cases/2 Test Case Search Item' .]]></system-out>
         <system-err><![CDATA[]]></system-err>
      </testcase>
      <testcase name="Test Cases/3 Add to chart" time="43.324" classname="Test Cases/3 Add to chart" status="PASSED">
         <system-out><![CDATA[13-02-2024T10:35:41 - [TEST_CASE][PASSED] - Test Cases/3 Add to chart: Test Cases/3 Add to chart

13-02-2024T10:35:41 - [TEST_STEP][PASSED] - startApplication("C:\Users\ACER\Downloads\android\Android-Solodroid_E-CommerceApp Demo_3.2.0.apk\Solodroid_E-CommerceApp Demo_3.2.0.apk", true): Started app at: 'C:\Users\ACER\Downloads\android\Android-Solodroid_E-CommerceApp Demo_3.2.0.apk\Solodroid_E-CommerceApp Demo_3.2.0.apk'

13-02-2024T10:35:41 - [MESSAGE][INFO] - Detected NodeJS location: "C:\Program Files\nodejs\node.exe"

13-02-2024T10:35:47 - [MESSAGE][INFO] - PATH: C:\Program Files\nodejs;

13-02-2024T10:35:47 - [MESSAGE][INFO] - APPIUM_HOME: C:\Users\ACER\.appium

13-02-2024T10:35:47 - [MESSAGE][INFO] - appium outlog: C:\Users\ACER\git\Assigment-3-QA-MOBILE\Reports\20240213_103341\1 Positive Test Suite Case\20240213_103341\appium.log

13-02-2024T10:35:47 - [MESSAGE][INFO] - appium errlog: C:\Users\ACER\git\Assigment-3-QA-MOBILE\Reports\20240213_103341\1 Positive Test Suite Case\20240213_103341\appium_error.log

13-02-2024T10:35:50 - [MESSAGE][INFO] - Appium server started on port 23,198

13-02-2024T10:35:59 - [MESSAGE][PASSED] - Started app at: 'C:\Users\ACER\Downloads\android\Android-Solodroid_E-CommerceApp Demo_3.2.0.apk\Solodroid_E-CommerceApp Demo_3.2.0.apk'

13-02-2024T10:35:59 - [TEST_STEP][PASSED] - tap(findTestObject("Object Repository/1 Checkout Feature/android.widget.TextView"), 0): Tapped on element 'Object Repository/1 Checkout Feature/android.widget.TextView'

13-02-2024T10:35:59 - [MESSAGE][WARNING] - Timeout '0' is invalid. Using default page load timeout: '30'

13-02-2024T10:36:04 - [MESSAGE][PASSED] - Tapped on element 'Object Repository/1 Checkout Feature/android.widget.TextView'

13-02-2024T10:36:04 - [TEST_STEP][PASSED] - setText(findTestObject("Object Repository/1 Checkout Feature/android.widget.EditText - Search"), "samsung", 0): Text 'samsung' has been set to element 'Object Repository/1 Checkout Feature/android.widget.EditText - Search'

13-02-2024T10:36:04 - [MESSAGE][WARNING] - Timeout '0' is invalid. Using default page load timeout: '30'

13-02-2024T10:36:07 - [MESSAGE][PASSED] - Text 'samsung' has been set to element 'Object Repository/1 Checkout Feature/android.widget.EditText - Search'

13-02-2024T10:36:07 - [TEST_STEP][PASSED] - hideKeyboard(): Keyboard is hidden

13-02-2024T10:36:08 - [MESSAGE][PASSED] - Keyboard is hidden

13-02-2024T10:36:08 - [TEST_STEP][PASSED] - tap(findTestObject("Object Repository/1 Checkout Feature/android.widget.ImageView"), 0): Tapped on element 'Object Repository/1 Checkout Feature/android.widget.ImageView'

13-02-2024T10:36:08 - [MESSAGE][WARNING] - Timeout '0' is invalid. Using default page load timeout: '30'

13-02-2024T10:36:10 - [MESSAGE][PASSED] - Tapped on element 'Object Repository/1 Checkout Feature/android.widget.ImageView'

13-02-2024T10:36:10 - [TEST_STEP][PASSED] - tap(findTestObject("Object Repository/1 Checkout Feature/android.widget.Button - ADD TO CART"), 0): Tapped on element 'Object Repository/1 Checkout Feature/android.widget.Button - ADD TO CART'

13-02-2024T10:36:10 - [MESSAGE][WARNING] - Timeout '0' is invalid. Using default page load timeout: '30'

13-02-2024T10:36:11 - [MESSAGE][PASSED] - Tapped on element 'Object Repository/1 Checkout Feature/android.widget.Button - ADD TO CART'

13-02-2024T10:36:11 - [TEST_STEP][PASSED] - setText(findTestObject("Object Repository/1 Checkout Feature/android.widget.EditText"), "1", 0): Text '1' has been set to element 'Object Repository/1 Checkout Feature/android.widget.EditText'

13-02-2024T10:36:11 - [MESSAGE][WARNING] - Timeout '0' is invalid. Using default page load timeout: '30'

13-02-2024T10:36:14 - [MESSAGE][PASSED] - Text '1' has been set to element 'Object Repository/1 Checkout Feature/android.widget.EditText'

13-02-2024T10:36:14 - [TEST_STEP][PASSED] - tap(findTestObject("Object Repository/1 Checkout Feature/android.widget.Button - ADD"), 0): Tapped on element 'Object Repository/1 Checkout Feature/android.widget.Button - ADD'

13-02-2024T10:36:14 - [MESSAGE][WARNING] - Timeout '0' is invalid. Using default page load timeout: '30'

13-02-2024T10:36:14 - [MESSAGE][PASSED] - Tapped on element 'Object Repository/1 Checkout Feature/android.widget.Button - ADD'

13-02-2024T10:36:14 - [TEST_STEP][PASSED] - tap(findTestObject("Object Repository/1 Checkout Feature/android.widget.TextView (1)"), 0): Tapped on element 'Object Repository/1 Checkout Feature/android.widget.TextView (1)'

13-02-2024T10:36:14 - [MESSAGE][WARNING] - Timeout '0' is invalid. Using default page load timeout: '30'

13-02-2024T10:36:15 - [MESSAGE][PASSED] - Tapped on element 'Object Repository/1 Checkout Feature/android.widget.TextView (1)'

13-02-2024T10:36:15 - [TEST_STEP][PASSED] - delay(5): Delayed 5 second(s)

13-02-2024T10:36:20 - [MESSAGE][PASSED] - Delayed 5 second(s)

13-02-2024T10:36:20 - [TEST_STEP][PASSED] - closeApplication(): Close app successfully

13-02-2024T10:36:21 - [MESSAGE][INFO] - Cannot close application! An unknown server-side error occurred while processing the command. Original error: 'com.solodroid.solomerce' is still running after 500ms timeout
Build info: version: '3.141.59', revision: 'e82be7d358', time: '2018-11-14T08:25:53'
System info: host: 'LAPTOP-DI70DTOM', ip: '172.16.213.178', os.name: 'Windows 11', os.arch: 'amd64', os.version: '10.0', java.version: '17.0.7'
Driver info: com.kms.katalon.core.appium.driver.SwipeableAndroidDriver
Capabilities {app: C:\Users\ACER\Downloads\and..., appPackage: com.solodroid.solomerce, autoGrantPermissions: true, automationName: uiautomator2, databaseEnabled: false, desired: {app: C:\Users\ACER\Downloads\and..., autoGrantPermissions: true, automationName: uiautomator2, deviceName: emulator-5554 (Android SDK ..., fullReset: true, newCommandTimeout: 1800, noReset: false, platformName: android, platformVersion: 8.1.0, systemPort: 23197, udid: emulator-5554}, deviceApiLevel: 27, deviceManufacturer: Google, deviceModel: Android SDK built for x86, deviceName: emulator-5554, deviceScreenDensity: 420, deviceScreenSize: 1080x2400, deviceUDID: emulator-5554, fullReset: true, javascriptEnabled: true, locationContextEnabled: false, networkConnectionEnabled: true, newCommandTimeout: 1800, noReset: false, pixelRatio: 2.625, platform: LINUX, platformName: Android, platformVersion: 8.1.0, statBarHeight: 63, systemPort: 23197, takesScreenshot: true, udid: emulator-5554, viewportRect: {height: 2337, left: 0, top: 63, width: 1080}, warnings: {}, webStorageEnabled: false}
Session ID: a2cf2ee2-6c81-4891-82a9-206d441bc743

13-02-2024T10:36:22 - [MESSAGE][PASSED] - Close app successfully

13-02-2024T10:36:24 - [TEST_STEP][PASSED] - Video: Video recording for test case 'Test Cases/3 Add to chart' .

13-02-2024T10:36:24 - [MESSAGE][INFO] - Video recording for test case 'Test Cases/3 Add to chart' .]]></system-out>
         <system-err><![CDATA[]]></system-err>
      </testcase>
      <testcase name="Test Cases/4 Test Case Kategori" time="36.212" classname="Test Cases/4 Test Case Kategori" status="PASSED">
         <system-out><![CDATA[13-02-2024T10:37:25 - [TEST_CASE][PASSED] - Test Cases/4 Test Case Kategori: Test Cases/4 Test Case Kategori

13-02-2024T10:37:25 - [TEST_STEP][PASSED] - startApplication("C:\Users\ACER\Downloads\android\Android-Solodroid_E-CommerceApp Demo_3.2.0.apk\Solodroid_E-CommerceApp Demo_3.2.0.apk", true): Started app at: 'C:\Users\ACER\Downloads\android\Android-Solodroid_E-CommerceApp Demo_3.2.0.apk\Solodroid_E-CommerceApp Demo_3.2.0.apk'

13-02-2024T10:37:37 - [MESSAGE][PASSED] - Started app at: 'C:\Users\ACER\Downloads\android\Android-Solodroid_E-CommerceApp Demo_3.2.0.apk\Solodroid_E-CommerceApp Demo_3.2.0.apk'

13-02-2024T10:37:37 - [TEST_STEP][PASSED] - tap(findTestObject("Object Repository/2 Fitur Kategori/android.widget.FrameLayout"), 0): Tapped on element 'Object Repository/2 Fitur Kategori/android.widget.FrameLayout'

13-02-2024T10:37:37 - [MESSAGE][WARNING] - Timeout '0' is invalid. Using default page load timeout: '30'

13-02-2024T10:37:42 - [MESSAGE][PASSED] - Tapped on element 'Object Repository/2 Fitur Kategori/android.widget.FrameLayout'

13-02-2024T10:37:42 - [TEST_STEP][PASSED] - tap(findTestObject("Object Repository/2 Fitur Kategori/android.widget.RelativeLayout"), 0): Tapped on element 'Object Repository/2 Fitur Kategori/android.widget.RelativeLayout'

13-02-2024T10:37:42 - [MESSAGE][WARNING] - Timeout '0' is invalid. Using default page load timeout: '30'

13-02-2024T10:37:44 - [MESSAGE][PASSED] - Tapped on element 'Object Repository/2 Fitur Kategori/android.widget.RelativeLayout'

13-02-2024T10:37:44 - [TEST_STEP][PASSED] - tap(findTestObject("Object Repository/2 Fitur Kategori/android.widget.ImageView"), 0): Tapped on element 'Object Repository/2 Fitur Kategori/android.widget.ImageView'

13-02-2024T10:37:45 - [MESSAGE][WARNING] - Timeout '0' is invalid. Using default page load timeout: '30'

13-02-2024T10:37:45 - [MESSAGE][PASSED] - Tapped on element 'Object Repository/2 Fitur Kategori/android.widget.ImageView'

13-02-2024T10:37:45 - [TEST_STEP][PASSED] - tap(findTestObject("Object Repository/2 Fitur Kategori/android.widget.ImageButton"), 0): Tapped on element 'Object Repository/2 Fitur Kategori/android.widget.ImageButton'

13-02-2024T10:37:45 - [MESSAGE][WARNING] - Timeout '0' is invalid. Using default page load timeout: '30'

13-02-2024T10:37:45 - [MESSAGE][PASSED] - Tapped on element 'Object Repository/2 Fitur Kategori/android.widget.ImageButton'

13-02-2024T10:37:45 - [TEST_STEP][PASSED] - tap(findTestObject("Object Repository/2 Fitur Kategori/android.widget.ImageButton"), 0): Tapped on element 'Object Repository/2 Fitur Kategori/android.widget.ImageButton'

13-02-2024T10:37:45 - [MESSAGE][WARNING] - Timeout '0' is invalid. Using default page load timeout: '30'

13-02-2024T10:37:48 - [MESSAGE][PASSED] - Tapped on element 'Object Repository/2 Fitur Kategori/android.widget.ImageButton'

13-02-2024T10:37:48 - [TEST_STEP][PASSED] - tap(findTestObject("Object Repository/2 Fitur Kategori/android.widget.RelativeLayout (1)"), 0): Tapped on element 'Object Repository/2 Fitur Kategori/android.widget.RelativeLayout (1)'

13-02-2024T10:37:48 - [MESSAGE][WARNING] - Timeout '0' is invalid. Using default page load timeout: '30'

13-02-2024T10:37:50 - [MESSAGE][PASSED] - Tapped on element 'Object Repository/2 Fitur Kategori/android.widget.RelativeLayout (1)'

13-02-2024T10:37:50 - [TEST_STEP][PASSED] - tap(findTestObject("Object Repository/2 Fitur Kategori/android.widget.ImageView (1)"), 0): Tapped on element 'Object Repository/2 Fitur Kategori/android.widget.ImageView (1)'

13-02-2024T10:37:50 - [MESSAGE][WARNING] - Timeout '0' is invalid. Using default page load timeout: '30'

13-02-2024T10:37:50 - [MESSAGE][PASSED] - Tapped on element 'Object Repository/2 Fitur Kategori/android.widget.ImageView (1)'

13-02-2024T10:37:50 - [TEST_STEP][PASSED] - tap(findTestObject("Object Repository/2 Fitur Kategori/android.widget.ImageButton (1)"), 0): Tapped on element 'Object Repository/2 Fitur Kategori/android.widget.ImageButton (1)'

13-02-2024T10:37:50 - [MESSAGE][WARNING] - Timeout '0' is invalid. Using default page load timeout: '30'

13-02-2024T10:37:50 - [MESSAGE][PASSED] - Tapped on element 'Object Repository/2 Fitur Kategori/android.widget.ImageButton (1)'

13-02-2024T10:37:50 - [TEST_STEP][PASSED] - tap(findTestObject("Object Repository/2 Fitur Kategori/android.widget.ImageButton"), 0): Tapped on element 'Object Repository/2 Fitur Kategori/android.widget.ImageButton'

13-02-2024T10:37:51 - [MESSAGE][WARNING] - Timeout '0' is invalid. Using default page load timeout: '30'

13-02-2024T10:37:52 - [MESSAGE][PASSED] - Tapped on element 'Object Repository/2 Fitur Kategori/android.widget.ImageButton'

13-02-2024T10:37:52 - [TEST_STEP][PASSED] - delay(5): Delayed 5 second(s)

13-02-2024T10:37:57 - [MESSAGE][PASSED] - Delayed 5 second(s)

13-02-2024T10:37:57 - [TEST_STEP][PASSED] - closeApplication(): Close app successfully

13-02-2024T10:37:59 - [MESSAGE][PASSED] - Close app successfully

13-02-2024T10:38:01 - [TEST_STEP][PASSED] - Video: Video recording for test case 'Test Cases/4 Test Case Kategori' .

13-02-2024T10:38:01 - [MESSAGE][INFO] - Video recording for test case 'Test Cases/4 Test Case Kategori' .]]></system-out>
         <system-err><![CDATA[]]></system-err>
      </testcase>
      <testcase name="Test Cases/5 Test Case - Help (payment, how to order etc)" time="44.625" classname="Test Cases/5 Test Case - Help (payment, how to order etc)" status="PASSED">
         <system-out><![CDATA[13-02-2024T10:38:01 - [TEST_CASE][PASSED] - Test Cases/5 Test Case - Help (payment, how to order etc): Test Cases/5 Test Case - Help (payment, how to order etc)

13-02-2024T10:38:01 - [TEST_STEP][PASSED] - startApplication("C:\Users\ACER\Downloads\android\Android-Solodroid_E-CommerceApp Demo_3.2.0.apk\Solodroid_E-CommerceApp Demo_3.2.0.apk", true): Started app at: 'C:\Users\ACER\Downloads\android\Android-Solodroid_E-CommerceApp Demo_3.2.0.apk\Solodroid_E-CommerceApp Demo_3.2.0.apk'

13-02-2024T10:38:02 - [MESSAGE][INFO] - Detected NodeJS location: "C:\Program Files\nodejs\node.exe"

13-02-2024T10:38:13 - [MESSAGE][INFO] - PATH: C:\Program Files\nodejs;

13-02-2024T10:38:13 - [MESSAGE][INFO] - APPIUM_HOME: C:\Users\ACER\.appium

13-02-2024T10:38:13 - [MESSAGE][INFO] - appium outlog: C:\Users\ACER\git\Assigment-3-QA-MOBILE\Reports\20240213_103341\1 Positive Test Suite Case\20240213_103341\appium.log

13-02-2024T10:38:13 - [MESSAGE][INFO] - appium errlog: C:\Users\ACER\git\Assigment-3-QA-MOBILE\Reports\20240213_103341\1 Positive Test Suite Case\20240213_103341\appium_error.log

13-02-2024T10:38:16 - [MESSAGE][INFO] - Appium server started on port 24,035

13-02-2024T10:38:24 - [MESSAGE][PASSED] - Started app at: 'C:\Users\ACER\Downloads\android\Android-Solodroid_E-CommerceApp Demo_3.2.0.apk\Solodroid_E-CommerceApp Demo_3.2.0.apk'

13-02-2024T10:38:24 - [TEST_STEP][PASSED] - tap(findTestObject("Object Repository/Fitur Help/android.widget.FrameLayout (1)"), 0): Tapped on element 'Object Repository/Fitur Help/android.widget.FrameLayout (1)'

13-02-2024T10:38:24 - [MESSAGE][WARNING] - Timeout '0' is invalid. Using default page load timeout: '30'

13-02-2024T10:38:29 - [MESSAGE][PASSED] - Tapped on element 'Object Repository/Fitur Help/android.widget.FrameLayout (1)'

13-02-2024T10:38:29 - [TEST_STEP][PASSED] - tap(findTestObject("Object Repository/Fitur Help/android.widget.RelativeLayout"), 0): Tapped on element 'Object Repository/Fitur Help/android.widget.RelativeLayout'

13-02-2024T10:38:29 - [MESSAGE][WARNING] - Timeout '0' is invalid. Using default page load timeout: '30'

13-02-2024T10:38:32 - [MESSAGE][PASSED] - Tapped on element 'Object Repository/Fitur Help/android.widget.RelativeLayout'

13-02-2024T10:38:32 - [TEST_STEP][PASSED] - tap(findTestObject("Object Repository/Fitur Help/android.widget.ImageButton"), 0): Tapped on element 'Object Repository/Fitur Help/android.widget.ImageButton'

13-02-2024T10:38:32 - [MESSAGE][WARNING] - Timeout '0' is invalid. Using default page load timeout: '30'

13-02-2024T10:38:32 - [MESSAGE][PASSED] - Tapped on element 'Object Repository/Fitur Help/android.widget.ImageButton'

13-02-2024T10:38:32 - [TEST_STEP][PASSED] - tap(findTestObject("Object Repository/Fitur Help/android.widget.RelativeLayout (1)"), 0): Tapped on element 'Object Repository/Fitur Help/android.widget.RelativeLayout (1)'

13-02-2024T10:38:32 - [MESSAGE][WARNING] - Timeout '0' is invalid. Using default page load timeout: '30'

13-02-2024T10:38:35 - [MESSAGE][PASSED] - Tapped on element 'Object Repository/Fitur Help/android.widget.RelativeLayout (1)'

13-02-2024T10:38:35 - [TEST_STEP][PASSED] - tap(findTestObject("Object Repository/Fitur Help/android.widget.ImageButton"), 0): Tapped on element 'Object Repository/Fitur Help/android.widget.ImageButton'

13-02-2024T10:38:35 - [MESSAGE][WARNING] - Timeout '0' is invalid. Using default page load timeout: '30'

13-02-2024T10:38:35 - [MESSAGE][PASSED] - Tapped on element 'Object Repository/Fitur Help/android.widget.ImageButton'

13-02-2024T10:38:35 - [TEST_STEP][PASSED] - tap(findTestObject("Object Repository/Fitur Help/android.widget.RelativeLayout (2)"), 0): Tapped on element 'Object Repository/Fitur Help/android.widget.RelativeLayout (2)'

13-02-2024T10:38:35 - [MESSAGE][WARNING] - Timeout '0' is invalid. Using default page load timeout: '30'

13-02-2024T10:38:37 - [MESSAGE][PASSED] - Tapped on element 'Object Repository/Fitur Help/android.widget.RelativeLayout (2)'

13-02-2024T10:38:37 - [TEST_STEP][PASSED] - tap(findTestObject("Object Repository/Fitur Help/android.widget.ImageButton"), 0): Tapped on element 'Object Repository/Fitur Help/android.widget.ImageButton'

13-02-2024T10:38:37 - [MESSAGE][WARNING] - Timeout '0' is invalid. Using default page load timeout: '30'

13-02-2024T10:38:37 - [MESSAGE][PASSED] - Tapped on element 'Object Repository/Fitur Help/android.widget.ImageButton'

13-02-2024T10:38:37 - [TEST_STEP][PASSED] - tap(findTestObject("Object Repository/Fitur Help/android.widget.RelativeLayout (3)"), 0): Tapped on element 'Object Repository/Fitur Help/android.widget.RelativeLayout (3)'

13-02-2024T10:38:37 - [MESSAGE][WARNING] - Timeout '0' is invalid. Using default page load timeout: '30'

13-02-2024T10:38:38 - [MESSAGE][PASSED] - Tapped on element 'Object Repository/Fitur Help/android.widget.RelativeLayout (3)'

13-02-2024T10:38:38 - [TEST_STEP][PASSED] - tap(findTestObject("Object Repository/Fitur Help/android.widget.ImageButton"), 0): Tapped on element 'Object Repository/Fitur Help/android.widget.ImageButton'

13-02-2024T10:38:38 - [MESSAGE][WARNING] - Timeout '0' is invalid. Using default page load timeout: '30'

13-02-2024T10:38:40 - [MESSAGE][PASSED] - Tapped on element 'Object Repository/Fitur Help/android.widget.ImageButton'

13-02-2024T10:38:40 - [TEST_STEP][PASSED] - tap(findTestObject("Object Repository/Fitur Help/android.widget.RelativeLayout (4)"), 0): Tapped on element 'Object Repository/Fitur Help/android.widget.RelativeLayout (4)'

13-02-2024T10:38:40 - [MESSAGE][WARNING] - Timeout '0' is invalid. Using default page load timeout: '30'

13-02-2024T10:38:42 - [MESSAGE][PASSED] - Tapped on element 'Object Repository/Fitur Help/android.widget.RelativeLayout (4)'

13-02-2024T10:38:42 - [TEST_STEP][PASSED] - tap(findTestObject("Object Repository/Fitur Help/android.widget.ImageButton"), 0): Tapped on element 'Object Repository/Fitur Help/android.widget.ImageButton'

13-02-2024T10:38:42 - [MESSAGE][WARNING] - Timeout '0' is invalid. Using default page load timeout: '30'

13-02-2024T10:38:42 - [MESSAGE][PASSED] - Tapped on element 'Object Repository/Fitur Help/android.widget.ImageButton'

13-02-2024T10:38:42 - [TEST_STEP][PASSED] - closeApplication(): Close app successfully

13-02-2024T10:38:44 - [MESSAGE][PASSED] - Close app successfully

13-02-2024T10:38:46 - [TEST_STEP][PASSED] - Video: Video recording for test case 'Test Cases/5 Test Case - Help (payment, how to order etc)' .

13-02-2024T10:38:46 - [MESSAGE][INFO] - Video recording for test case 'Test Cases/5 Test Case - Help (payment, how to order etc)' .]]></system-out>
         <system-err><![CDATA[]]></system-err>
      </testcase>
      <system-out><![CDATA[13-02-2024T10:33:45 - [TEST_SUITE][FAILED] - 1 Positive Test Suite Case: Test Cases/4 Test Case Kategori FAILED.
Reason:
com.kms.katalon.core.exception.StepFailedException: Failed to tap on element 'Object Repository/2 Fitur Kategori/android.widget.ImageButton'
	at com.kms.katalon.core.mobile.keyword.internal.MobileKeywordMain.stepFailed(MobileKeywordMain.groovy:38)
	at com.kms.katalon.core.mobile.keyword.internal.MobileKeywordMain.runKeyword(MobileKeywordMain.groovy:21)
	at com.kms.katalon.core.mobile.keyword.builtin.TapKeyword.tap(TapKeyword.groovy:51)
	at com.kms.katalon.core.mobile.keyword.builtin.TapKeyword.execute(TapKeyword.groovy:35)
	at com.kms.katalon.core.keyword.internal.KeywordExecutor.executeKeywordForPlatform(KeywordExecutor.groovy:74)
	at com.kms.katalon.core.mobile.keyword.MobileBuiltInKeywords.tap(MobileBuiltInKeywords.groovy:1490)
	at 4 Test Case Kategori.run(4 Test Case Kategori:31)
	at com.kms.katalon.core.main.ScriptEngine.run(ScriptEngine.java:194)
	at com.kms.katalon.core.main.ScriptEngine.runScriptAsRawText(ScriptEngine.java:119)
	at com.kms.katalon.core.main.TestCaseExecutor.runScript(TestCaseExecutor.java:448)
	at com.kms.katalon.core.main.TestCaseExecutor.doExecute(TestCaseExecutor.java:439)
	at com.kms.katalon.core.main.TestCaseExecutor.processExecutionPhase(TestCaseExecutor.java:418)
	at com.kms.katalon.core.main.TestCaseExecutor.accessMainPhase(TestCaseExecutor.java:410)
	at com.kms.katalon.core.main.TestCaseExecutor.execute(TestCaseExecutor.java:285)
	at com.kms.katalon.core.common.CommonExecutor.accessTestCaseMainPhase(CommonExecutor.java:65)
	at com.kms.katalon.core.main.TestSuiteExecutor.accessTestSuiteMainPhase(TestSuiteExecutor.java:148)
	at com.kms.katalon.core.main.TestSuiteExecutor.execute(TestSuiteExecutor.java:106)
	at com.kms.katalon.core.main.TestCaseMain.startTestSuite(TestCaseMain.java:180)
	at TempTestSuite1707791621502.run(TempTestSuite1707791621502.groovy:36)
	at java.base/jdk.internal.reflect.NativeMethodAccessorImpl.invoke0(Native Method)
	at java.base/jdk.internal.reflect.NativeMethodAccessorImpl.invoke(NativeMethodAccessorImpl.java:77)
	at java.base/jdk.internal.reflect.DelegatingMethodAccessorImpl.invoke(DelegatingMethodAccessorImpl.java:43)
Caused by: org.openqa.selenium.StaleElementReferenceException: Cached elements 'By.xpath: //*[@class = 'android.widget.ImageButton' and (@text = '' or . = '')]' do not exist in DOM anymore
For documentation on this error, please visit: https://www.seleniumhq.org/exceptions/stale_element_reference.html
Build info: version: '3.141.59', revision: 'e82be7d358', time: '2018-11-14T08:25:53'
System info: host: 'LAPTOP-DI70DTOM', ip: '172.16.213.178', os.name: 'Windows 11', os.arch: 'amd64', os.version: '10.0', java.version: '17.0.7'
Driver info: com.kms.katalon.core.appium.driver.SwipeableAndroidDriver
Capabilities {app: C:\Users\ACER\Downloads\and..., appPackage: com.solodroid.solomerce, autoGrantPermissions: true, automationName: uiautomator2, databaseEnabled: false, desired: {app: C:\Users\ACER\Downloads\and..., autoGrantPermissions: true, automationName: uiautomator2, deviceName: emulator-5554 (Android SDK ..., fullReset: true, newCommandTimeout: 1800, noReset: false, platformName: android, platformVersion: 8.1.0, systemPort: 23460, udid: emulator-5554}, deviceApiLevel: 27, deviceManufacturer: Google, deviceModel: Android SDK built for x86, deviceName: emulator-5554, deviceScreenDensity: 420, deviceScreenSize: 1080x2400, deviceUDID: emulator-5554, fullReset: true, javascriptEnabled: true, locationContextEnabled: false, networkConnectionEnabled: true, newCommandTimeout: 1800, noReset: false, pixelRatio: 2.625, platform: LINUX, platformName: Android, platformVersion: 8.1.0, statBarHeight: 63, systemPort: 23460, takesScreenshot: true, udid: emulator-5554, viewportRect: {height: 2337, left: 0, top: 63, width: 1080}, warnings: {}, webStorageEnabled: false}
Session ID: 7bd3c9b8-bdf4-45d3-8761-dcc61063c375
	at java.base/jdk.internal.reflect.NativeConstructorAccessorImpl.newInstance0(Native Method)
	at java.base/jdk.internal.reflect.NativeConstructorAccessorImpl.newInstance(NativeConstructorAccessorImpl.java:77)
	at java.base/jdk.internal.reflect.DelegatingConstructorAccessorImpl.newInstance(DelegatingConstructorAccessorImpl.java:45)
	at org.openqa.selenium.remote.http.W3CHttpResponseCodec.createException(W3CHttpResponseCodec.java:187)
	at org.openqa.selenium.remote.http.W3CHttpResponseCodec.decode(W3CHttpResponseCodec.java:122)
	at org.openqa.selenium.remote.http.W3CHttpResponseCodec.decode(W3CHttpResponseCodec.java:49)
	at org.openqa.selenium.remote.HttpCommandExecutor.execute(HttpCommandExecutor.java:158)
	at io.appium.java_client.remote.AppiumCommandExecutor.execute(AppiumCommandExecutor.java:239)
	at org.openqa.selenium.remote.RemoteWebDriver.execute(RemoteWebDriver.java:552)
	at io.appium.java_client.DefaultGenericMobileDriver.execute(DefaultGenericMobileDriver.java:42)
	at io.appium.java_client.AppiumDriver.execute(AppiumDriver.java:1)
	at io.appium.java_client.android.AndroidDriver.execute(AndroidDriver.java:1)
	at com.kms.katalon.core.appium.driver.SwipeableAndroidDriver.execute(SwipeableAndroidDriver.java:1)
	at org.openqa.selenium.remote.RemoteWebElement.execute(RemoteWebElement.java:285)
	at io.appium.java_client.DefaultGenericMobileElement.execute(DefaultGenericMobileElement.java:45)
	at io.appium.java_client.MobileElement.execute(MobileElement.java:1)
	at io.appium.java_client.android.AndroidElement.execute(AndroidElement.java:1)
	at org.openqa.selenium.remote.RemoteWebElement.getLocation(RemoteWebElement.java:337)
	at org.openqa.selenium.WebElement$getLocation.call(Unknown Source)
	at com.kms.katalon.core.mobile.keyword.internal.MobileAbstractKeyword.findElement(MobileAbstractKeyword.groovy:86)
	at jdk.internal.reflect.GeneratedMethodAccessor5.invoke(Unknown Source)
	at java.base/jdk.internal.reflect.DelegatingMethodAccessorImpl.invoke(DelegatingMethodAccessorImpl.java:43)
	at com.kms.katalon.core.mobile.keyword.builtin.TapKeyword$_tap_closure1.doCall(TapKeyword.groovy:43)
	at com.kms.katalon.core.mobile.keyword.builtin.TapKeyword$_tap_closure1.call(TapKeyword.groovy)
	at com.kms.katalon.core.mobile.keyword.internal.MobileKeywordMain.runKeyword(MobileKeywordMain.groovy:19)
	... 20 more]]></system-out>
      <system-err><![CDATA[13-02-2024T10:33:45 - [TEST_SUITE][FAILED] - 1 Positive Test Suite Case: Test Cases/4 Test Case Kategori FAILED.
Reason:
com.kms.katalon.core.exception.StepFailedException: Failed to tap on element 'Object Repository/2 Fitur Kategori/android.widget.ImageButton'
	at com.kms.katalon.core.mobile.keyword.internal.MobileKeywordMain.stepFailed(MobileKeywordMain.groovy:38)
	at com.kms.katalon.core.mobile.keyword.internal.MobileKeywordMain.runKeyword(MobileKeywordMain.groovy:21)
	at com.kms.katalon.core.mobile.keyword.builtin.TapKeyword.tap(TapKeyword.groovy:51)
	at com.kms.katalon.core.mobile.keyword.builtin.TapKeyword.execute(TapKeyword.groovy:35)
	at com.kms.katalon.core.keyword.internal.KeywordExecutor.executeKeywordForPlatform(KeywordExecutor.groovy:74)
	at com.kms.katalon.core.mobile.keyword.MobileBuiltInKeywords.tap(MobileBuiltInKeywords.groovy:1490)
	at 4 Test Case Kategori.run(4 Test Case Kategori:31)
	at com.kms.katalon.core.main.ScriptEngine.run(ScriptEngine.java:194)
	at com.kms.katalon.core.main.ScriptEngine.runScriptAsRawText(ScriptEngine.java:119)
	at com.kms.katalon.core.main.TestCaseExecutor.runScript(TestCaseExecutor.java:448)
	at com.kms.katalon.core.main.TestCaseExecutor.doExecute(TestCaseExecutor.java:439)
	at com.kms.katalon.core.main.TestCaseExecutor.processExecutionPhase(TestCaseExecutor.java:418)
	at com.kms.katalon.core.main.TestCaseExecutor.accessMainPhase(TestCaseExecutor.java:410)
	at com.kms.katalon.core.main.TestCaseExecutor.execute(TestCaseExecutor.java:285)
	at com.kms.katalon.core.common.CommonExecutor.accessTestCaseMainPhase(CommonExecutor.java:65)
	at com.kms.katalon.core.main.TestSuiteExecutor.accessTestSuiteMainPhase(TestSuiteExecutor.java:148)
	at com.kms.katalon.core.main.TestSuiteExecutor.execute(TestSuiteExecutor.java:106)
	at com.kms.katalon.core.main.TestCaseMain.startTestSuite(TestCaseMain.java:180)
	at TempTestSuite1707791621502.run(TempTestSuite1707791621502.groovy:36)
	at java.base/jdk.internal.reflect.NativeMethodAccessorImpl.invoke0(Native Method)
	at java.base/jdk.internal.reflect.NativeMethodAccessorImpl.invoke(NativeMethodAccessorImpl.java:77)
	at java.base/jdk.internal.reflect.DelegatingMethodAccessorImpl.invoke(DelegatingMethodAccessorImpl.java:43)
Caused by: org.openqa.selenium.StaleElementReferenceException: Cached elements 'By.xpath: //*[@class = 'android.widget.ImageButton' and (@text = '' or . = '')]' do not exist in DOM anymore
For documentation on this error, please visit: https://www.seleniumhq.org/exceptions/stale_element_reference.html
Build info: version: '3.141.59', revision: 'e82be7d358', time: '2018-11-14T08:25:53'
System info: host: 'LAPTOP-DI70DTOM', ip: '172.16.213.178', os.name: 'Windows 11', os.arch: 'amd64', os.version: '10.0', java.version: '17.0.7'
Driver info: com.kms.katalon.core.appium.driver.SwipeableAndroidDriver
Capabilities {app: C:\Users\ACER\Downloads\and..., appPackage: com.solodroid.solomerce, autoGrantPermissions: true, automationName: uiautomator2, databaseEnabled: false, desired: {app: C:\Users\ACER\Downloads\and..., autoGrantPermissions: true, automationName: uiautomator2, deviceName: emulator-5554 (Android SDK ..., fullReset: true, newCommandTimeout: 1800, noReset: false, platformName: android, platformVersion: 8.1.0, systemPort: 23460, udid: emulator-5554}, deviceApiLevel: 27, deviceManufacturer: Google, deviceModel: Android SDK built for x86, deviceName: emulator-5554, deviceScreenDensity: 420, deviceScreenSize: 1080x2400, deviceUDID: emulator-5554, fullReset: true, javascriptEnabled: true, locationContextEnabled: false, networkConnectionEnabled: true, newCommandTimeout: 1800, noReset: false, pixelRatio: 2.625, platform: LINUX, platformName: Android, platformVersion: 8.1.0, statBarHeight: 63, systemPort: 23460, takesScreenshot: true, udid: emulator-5554, viewportRect: {height: 2337, left: 0, top: 63, width: 1080}, warnings: {}, webStorageEnabled: false}
Session ID: 7bd3c9b8-bdf4-45d3-8761-dcc61063c375
	at java.base/jdk.internal.reflect.NativeConstructorAccessorImpl.newInstance0(Native Method)
	at java.base/jdk.internal.reflect.NativeConstructorAccessorImpl.newInstance(NativeConstructorAccessorImpl.java:77)
	at java.base/jdk.internal.reflect.DelegatingConstructorAccessorImpl.newInstance(DelegatingConstructorAccessorImpl.java:45)
	at org.openqa.selenium.remote.http.W3CHttpResponseCodec.createException(W3CHttpResponseCodec.java:187)
	at org.openqa.selenium.remote.http.W3CHttpResponseCodec.decode(W3CHttpResponseCodec.java:122)
	at org.openqa.selenium.remote.http.W3CHttpResponseCodec.decode(W3CHttpResponseCodec.java:49)
	at org.openqa.selenium.remote.HttpCommandExecutor.execute(HttpCommandExecutor.java:158)
	at io.appium.java_client.remote.AppiumCommandExecutor.execute(AppiumCommandExecutor.java:239)
	at org.openqa.selenium.remote.RemoteWebDriver.execute(RemoteWebDriver.java:552)
	at io.appium.java_client.DefaultGenericMobileDriver.execute(DefaultGenericMobileDriver.java:42)
	at io.appium.java_client.AppiumDriver.execute(AppiumDriver.java:1)
	at io.appium.java_client.android.AndroidDriver.execute(AndroidDriver.java:1)
	at com.kms.katalon.core.appium.driver.SwipeableAndroidDriver.execute(SwipeableAndroidDriver.java:1)
	at org.openqa.selenium.remote.RemoteWebElement.execute(RemoteWebElement.java:285)
	at io.appium.java_client.DefaultGenericMobileElement.execute(DefaultGenericMobileElement.java:45)
	at io.appium.java_client.MobileElement.execute(MobileElement.java:1)
	at io.appium.java_client.android.AndroidElement.execute(AndroidElement.java:1)
	at org.openqa.selenium.remote.RemoteWebElement.getLocation(RemoteWebElement.java:337)
	at org.openqa.selenium.WebElement$getLocation.call(Unknown Source)
	at com.kms.katalon.core.mobile.keyword.internal.MobileAbstractKeyword.findElement(MobileAbstractKeyword.groovy:86)
	at jdk.internal.reflect.GeneratedMethodAccessor5.invoke(Unknown Source)
	at java.base/jdk.internal.reflect.DelegatingMethodAccessorImpl.invoke(DelegatingMethodAccessorImpl.java:43)
	at com.kms.katalon.core.mobile.keyword.builtin.TapKeyword$_tap_closure1.doCall(TapKeyword.groovy:43)
	at com.kms.katalon.core.mobile.keyword.builtin.TapKeyword$_tap_closure1.call(TapKeyword.groovy)
	at com.kms.katalon.core.mobile.keyword.internal.MobileKeywordMain.runKeyword(MobileKeywordMain.groovy:19)
	... 20 more]]></system-err>
   </testsuite>
</testsuites>
